2016-09-06 10:56:48 [4253] : WORKER[TestServer.php] start in daemon mode
2016-09-06 10:57:03 [4259] : 对进程[4259] 的所有连接检查一次心跳.
2016-09-06 10:57:03 [4261] : 对进程[4261] 的所有连接检查一次心跳.
2016-09-06 10:57:03 [4257] : 对进程[4257] 的所有连接检查一次心跳.
2016-09-06 10:57:03 [4260] : 对进程[4260] 的所有连接检查一次心跳.
2016-09-06 10:57:03 [4258] : 对进程[4258] 的所有连接检查一次心跳.
2016-09-06 10:57:08 [4257] : 对进程[4257] 的所有连接检查一次心跳.
2016-09-06 10:57:08 [4260] : 对进程[4260] 的所有连接检查一次心跳.
2016-09-06 10:57:08 [4259] : 对进程[4259] 的所有连接检查一次心跳.
2016-09-06 10:57:08 [4258] : 对进程[4258] 的所有连接检查一次心跳.
2016-09-06 10:57:08 [4261] : 对进程[4261] 的所有连接检查一次心跳.
2016-09-06 10:57:31 [4272] : WORKER[TestServer.php] stop 
2016-09-06 10:57:31 [4272] : WORKER[TestServer.php] is stoping ...
2016-09-06 10:57:31 [4255] : Worker Process[TestServer.php] Stopping ...
2016-09-06 10:57:31 [4257] : exit task/worker process[4257] success.
2016-09-06 10:57:31 [4258] : exit task/worker process[4258] success.
2016-09-06 10:57:31 [4259] : exit task/worker process[4259] success.
2016-09-06 10:57:31 [4260] : exit task/worker process[4260] success.
2016-09-06 10:57:31 [4261] : exit task/worker process[4261] success.
2016-09-06 10:57:31 [4256] : exit task/worker process[4256] success.
2016-09-06 10:57:31 [4255] : [none] Worker Process[4257] exit with status[0]
2016-09-06 10:57:31 [4255] : [none] Worker Process[4258] exit with status[0]
2016-09-06 10:57:31 [4255] : [none] Worker Process[4260] exit with status[0]
2016-09-06 10:57:31 [4255] : [none] Worker Process[4261] exit with status[0]
2016-09-06 10:57:31 [4255] : [none] Worker Process[4259] exit with status[0]
2016-09-06 10:57:31 [4255] : [none] Task Process[4256] exit with status[0]
2016-09-06 10:57:31 [4255] : WORKER[TestServer.php] has been stopped.
2016-09-06 10:57:31 [4272] : WORKER[TestServer.php] stop success
2016-09-06 10:57:35 [4273] : WORKER[TestServer.php] start in daemon mode
2016-09-06 10:57:40 [4276] : 对进程[4276] 的所有连接检查一次心跳.
2016-09-06 10:57:40 [4277] : 对进程[4277] 的所有连接检查一次心跳.
2016-09-06 10:57:40 [4278] : 对进程[4278] 的所有连接检查一次心跳.
2016-09-06 10:57:45 [4276] : 对进程[4276] 的所有连接检查一次心跳.
2016-09-06 10:57:45 [4277] : 对进程[4277] 的所有连接检查一次心跳.
2016-09-06 10:57:45 [4278] : 对进程[4278] 的所有连接检查一次心跳.
2016-09-06 11:23:19 [4472] : WORKER[TestServerDb.php] start in debug mode
2016-09-06 11:23:40 [4473] : WORKER[TestServer.php] stop 
2016-09-06 11:23:40 [4473] : WORKER[TestServer.php] is stoping ...
2016-09-06 11:23:40 [4275] : Worker Process[TestServer.php] Stopping ...
2016-09-06 11:23:40 [4276] : exit task/worker process[4276] success.
2016-09-06 11:23:40 [4278] : exit task/worker process[4278] success.
2016-09-06 11:23:40 [4277] : exit task/worker process[4277] success.
2016-09-06 11:23:40 [4275] : [none] Worker Process[4278] exit with status[0]
2016-09-06 11:23:40 [4275] : [none] Worker Process[4277] exit with status[0]
2016-09-06 11:23:40 [4275] : [none] Worker Process[4276] exit with status[0]
2016-09-06 11:23:40 [4275] : WORKER[TestServer.php] has been stopped.
2016-09-06 11:23:40 [4473] : WORKER[TestServer.php] stop success
2016-09-06 11:23:52 [4475] : WORKER[TestServer.php] start in debug mode
2016-09-06 11:23:54 [4475] : Worker Process[TestServer.php] Stopping ...
2016-09-06 11:23:54 [4477] : exit task/worker process[4477] success.
2016-09-06 11:23:54 [4476] : exit task/worker process[4476] success.
2016-09-06 11:23:54 [4478] : exit task/worker process[4478] success.
2016-09-06 11:23:54 [4475] : [none] Worker Process[4478] exit with status[0]
2016-09-06 11:23:54 [4475] : [none] Worker Process[4477] exit with status[0]
2016-09-06 11:23:54 [4475] : [none] Worker Process[4476] exit with status[0]
2016-09-06 11:23:54 [4475] : WORKER[TestServer.php] has been stopped.
2016-09-06 11:23:57 [4479] : WORKER[TestServer.php] start in daemon mode
2016-09-06 11:24:20 [4485] : WORKER[TestServer.php] status 
2016-09-06 11:24:25 [4486] : WORKER[TestServer.php] stop 
2016-09-06 11:24:25 [4486] : WORKER[TestServer.php] is stoping ...
2016-09-06 11:24:25 [4481] : Worker Process[TestServer.php] Stopping ...
2016-09-06 11:24:25 [4482] : exit task/worker process[4482] success.
2016-09-06 11:24:25 [4484] : exit task/worker process[4484] success.
2016-09-06 11:24:25 [4483] : exit task/worker process[4483] success.
2016-09-06 11:24:25 [4481] : [none] Worker Process[4484] exit with status[0]
2016-09-06 11:24:25 [4481] : [none] Worker Process[4483] exit with status[0]
2016-09-06 11:24:25 [4481] : [none] Worker Process[4482] exit with status[0]
2016-09-06 11:24:25 [4481] : WORKER[TestServer.php] has been stopped.
2016-09-06 11:24:25 [4486] : WORKER[TestServer.php] stop success
2016-09-06 11:24:30 [4487] : WORKER[TestServerDb.php] start in debug mode
2016-09-06 11:24:45 [4488] : 对进程[4488] 的所有连接检查一次心跳.
2016-09-06 11:24:50 [4491] : exit task/worker process[4491] success.
2016-09-06 11:24:50 [4492] : exit task/worker process[4492] success.
2016-09-06 11:24:50 [4490] : exit task/worker process[4490] success.
2016-09-06 11:24:50 [4487] : Worker Process[TestServerDb.php] Stopping ...
2016-09-06 11:24:50 [4489] : exit task/worker process[4489] success.
2016-09-06 11:24:50 [4488] : exit task/worker process[4488] success.
2016-09-06 11:24:50 [4487] : [none] Worker Process[4492] exit with status[0]
2016-09-06 11:24:50 [4487] : [none] Worker Process[4490] exit with status[0]
2016-09-06 11:24:50 [4487] : [none] Worker Process[4491] exit with status[0]
2016-09-06 11:24:50 [4487] : [none] Worker Process[4489] exit with status[0]
2016-09-06 11:24:50 [4487] : [none] Worker Process[4488] exit with status[0]
2016-09-06 11:24:50 [4487] : WORKER[TestServerDb.php] has been stopped.
2016-09-06 11:25:08 [4505] : WORKER[TestServerDb.php] start in debug mode
2016-09-06 11:25:13 [4507] : 对进程[4507] 的所有连接检查一次心跳.
2016-09-06 11:25:18 [4507] : 对进程[4507] 的所有连接检查一次心跳.
2016-09-06 11:26:53 [4507] : 对进程[4507] 的所有连接检查一次心跳.
2016-09-06 11:26:53 [4506] : 对进程[4506] 的所有连接检查一次心跳.
2016-09-06 11:26:53 [4508] : 对进程[4508] 的所有连接检查一次心跳.
2016-09-06 11:26:53 [4509] : 对进程[4509] 的所有连接检查一次心跳.
2016-09-06 11:26:53 [4510] : 对进程[4510] 的所有连接检查一次心跳.
2016-09-06 11:26:57 [4506] : exit task/worker process[4506] success.
2016-09-06 11:26:57 [4508] : exit task/worker process[4508] success.
2016-09-06 11:26:57 [4509] : exit task/worker process[4509] success.
2016-09-06 11:26:57 [4510] : exit task/worker process[4510] success.
2016-09-06 11:26:57 [4505] : Worker Process[TestServerDb.php] Stopping ...
2016-09-06 11:26:57 [4507] : exit task/worker process[4507] success.
2016-09-06 11:26:57 [4505] : [none] Worker Process[4510] exit with status[0]
2016-09-06 11:26:57 [4505] : [none] Worker Process[4509] exit with status[0]
2016-09-06 11:26:57 [4505] : [none] Worker Process[4508] exit with status[0]
2016-09-06 11:26:57 [4505] : [none] Worker Process[4506] exit with status[0]
2016-09-06 11:26:57 [4505] : [none] Worker Process[4507] exit with status[0]
2016-09-06 11:26:57 [4505] : WORKER[TestServerDb.php] has been stopped.
2016-09-06 11:27:00 [4535] : WORKER[TestServerDb.php] start in daemon mode
2016-09-06 11:27:05 [4539] : 对进程[4539] 的所有连接检查一次心跳.
2016-09-06 11:27:05 [4540] : 对进程[4540] 的所有连接检查一次心跳.
2016-09-06 11:27:05 [4538] : 对进程[4538] 的所有连接检查一次心跳.
2016-09-06 11:27:05 [4541] : 对进程[4541] 的所有连接检查一次心跳.
2016-09-06 11:27:05 [4542] : 对进程[4542] 的所有连接检查一次心跳.
2016-09-06 11:27:10 [4539] : 对进程[4539] 的所有连接检查一次心跳.
2016-09-06 11:27:10 [4540] : 对进程[4540] 的所有连接检查一次心跳.
2016-09-06 11:27:10 [4538] : 对进程[4538] 的所有连接检查一次心跳.
2016-09-06 11:27:10 [4541] : 对进程[4541] 的所有连接检查一次心跳.
2016-09-06 11:27:10 [4542] : 对进程[4542] 的所有连接检查一次心跳.
2016-09-06 11:27:15 [4539] : 对进程[4539] 的所有连接检查一次心跳.
2016-09-06 11:27:15 [4540] : 对进程[4540] 的所有连接检查一次心跳.
2016-09-06 11:27:15 [4538] : 对进程[4538] 的所有连接检查一次心跳.
2016-09-06 11:27:15 [4541] : 对进程[4541] 的所有连接检查一次心跳.
2016-09-06 11:27:15 [4542] : 对进程[4542] 的所有连接检查一次心跳.
2016-09-06 11:27:20 [4540] : 对进程[4540] 的所有连接检查一次心跳.
2016-09-06 11:27:20 [4539] : 对进程[4539] 的所有连接检查一次心跳.
2016-09-06 11:27:20 [4538] : 对进程[4538] 的所有连接检查一次心跳.
2016-09-06 11:27:20 [4541] : 对进程[4541] 的所有连接检查一次心跳.
2016-09-06 11:27:20 [4542] : 对进程[4542] 的所有连接检查一次心跳.
2016-09-06 11:27:25 [4540] : 对进程[4540] 的所有连接检查一次心跳.
2016-09-06 11:27:25 [4539] : 对进程[4539] 的所有连接检查一次心跳.
2016-09-06 11:27:25 [4538] : 对进程[4538] 的所有连接检查一次心跳.
2016-09-06 11:27:25 [4541] : 对进程[4541] 的所有连接检查一次心跳.
2016-09-06 11:27:25 [4542] : 对进程[4542] 的所有连接检查一次心跳.
2016-09-06 11:27:30 [4540] : 对进程[4540] 的所有连接检查一次心跳.
2016-09-06 11:27:30 [4539] : 对进程[4539] 的所有连接检查一次心跳.
2016-09-06 11:27:30 [4541] : 对进程[4541] 的所有连接检查一次心跳.
2016-09-06 11:27:30 [4538] : 对进程[4538] 的所有连接检查一次心跳.
2016-09-06 11:27:30 [4542] : 对进程[4542] 的所有连接检查一次心跳.
2016-09-06 11:27:35 [4540] : 对进程[4540] 的所有连接检查一次心跳.
2016-09-06 11:27:35 [4539] : 对进程[4539] 的所有连接检查一次心跳.
2016-09-06 11:27:35 [4538] : 对进程[4538] 的所有连接检查一次心跳.
2016-09-06 11:27:35 [4541] : 对进程[4541] 的所有连接检查一次心跳.
2016-09-06 11:27:35 [4542] : 对进程[4542] 的所有连接检查一次心跳.
2016-09-06 11:27:40 [4540] : 对进程[4540] 的所有连接检查一次心跳.
2016-09-06 11:27:40 [4538] : 对进程[4538] 的所有连接检查一次心跳.
2016-09-06 11:27:40 [4539] : 对进程[4539] 的所有连接检查一次心跳.
2016-09-06 11:27:40 [4541] : 对进程[4541] 的所有连接检查一次心跳.
2016-09-06 11:27:40 [4542] : 对进程[4542] 的所有连接检查一次心跳.
2016-09-06 11:27:45 [4540] : 对进程[4540] 的所有连接检查一次心跳.
2016-09-06 11:27:45 [4538] : 对进程[4538] 的所有连接检查一次心跳.
2016-09-06 11:27:45 [4539] : 对进程[4539] 的所有连接检查一次心跳.
2016-09-06 11:27:45 [4541] : 对进程[4541] 的所有连接检查一次心跳.
2016-09-06 11:27:45 [4542] : 对进程[4542] 的所有连接检查一次心跳.
2016-09-06 11:27:56 [4550] : WORKER[TestServerDb.php] status 
2016-09-06 11:29:40 [4556] : WORKER[TestServerDb.php] status 
2016-09-06 11:29:48 [4557] : WORKER[TestServerDb.php] stop 
2016-09-06 11:29:48 [4557] : WORKER[TestServerDb.php] is stoping ...
2016-09-06 11:29:48 [4537] : Worker Process[TestServerDb.php] Stopping ...
2016-09-06 11:29:48 [4538] : exit task/worker process[4538] success.
2016-09-06 11:29:48 [4539] : exit task/worker process[4539] success.
2016-09-06 11:29:48 [4541] : exit task/worker process[4541] success.
2016-09-06 11:29:48 [4540] : exit task/worker process[4540] success.
2016-09-06 11:29:48 [4542] : exit task/worker process[4542] success.
2016-09-06 11:29:48 [4537] : [none] Worker Process[4542] exit with status[0]
2016-09-06 11:29:48 [4537] : [none] Worker Process[4541] exit with status[0]
2016-09-06 11:29:48 [4537] : [none] Worker Process[4540] exit with status[0]
2016-09-06 11:29:48 [4537] : [none] Worker Process[4538] exit with status[0]
2016-09-06 11:29:48 [4537] : [none] Worker Process[4539] exit with status[0]
2016-09-06 11:29:48 [4537] : WORKER[TestServerDb.php] has been stopped.
2016-09-06 11:29:48 [4557] : WORKER[TestServerDb.php] stop success
2016-09-06 11:35:40 [4604] : WORKER[TestServerDb.php] start in debug mode
2016-09-06 11:35:53 [4606] : exit task/worker process[4606] success.
2016-09-06 11:35:53 [4608] : exit task/worker process[4608] success.
2016-09-06 11:35:53 [4609] : exit task/worker process[4609] success.
2016-09-06 11:35:53 [4604] : Worker Process[TestServerDb.php] Stopping ...
2016-09-06 11:35:53 [4605] : exit task/worker process[4605] success.
2016-09-06 11:35:53 [4607] : exit task/worker process[4607] success.
2016-09-06 11:35:53 [4604] : [none] Worker Process[4606] exit with status[0]
2016-09-06 11:35:53 [4604] : [none] Worker Process[4609] exit with status[0]
2016-09-06 11:35:53 [4604] : [none] Worker Process[4608] exit with status[0]
2016-09-06 11:35:53 [4604] : [none] Worker Process[4607] exit with status[0]
2016-09-06 11:35:53 [4604] : [none] Worker Process[4605] exit with status[0]
2016-09-06 11:35:53 [4604] : WORKER[TestServerDb.php] has been stopped.
2016-09-06 11:35:55 [4613] : WORKER[TestServerDb.php] start in debug mode
2016-09-06 11:35:56 [4613] : Worker Process[TestServerDb.php] Stopping ...
2016-09-06 11:35:56 [4616] : exit task/worker process[4616] success.
2016-09-06 11:35:56 [4614] : exit task/worker process[4614] success.
2016-09-06 11:35:56 [4615] : exit task/worker process[4615] success.
2016-09-06 11:35:56 [4617] : exit task/worker process[4617] success.
2016-09-06 11:35:56 [4618] : exit task/worker process[4618] success.
2016-09-06 11:35:56 [4613] : [none] Worker Process[4614] exit with status[0]
2016-09-06 11:35:56 [4613] : [none] Worker Process[4618] exit with status[0]
2016-09-06 11:35:56 [4613] : [none] Worker Process[4617] exit with status[0]
2016-09-06 11:35:56 [4613] : [none] Worker Process[4616] exit with status[0]
2016-09-06 11:35:56 [4613] : [none] Worker Process[4615] exit with status[0]
2016-09-06 11:35:56 [4613] : WORKER[TestServerDb.php] has been stopped.
2016-09-06 11:35:58 [4621] : WORKER[TestServerDb.php] start in daemon mode
2016-09-06 11:36:53 [4640] : WORKER[TestServerDb.php] stop 
2016-09-06 11:36:53 [4640] : WORKER[TestServerDb.php] is stoping ...
2016-09-06 11:36:53 [4623] : Worker Process[TestServerDb.php] Stopping ...
2016-09-06 11:36:53 [4624] : exit task/worker process[4624] success.
2016-09-06 11:36:53 [4625] : exit task/worker process[4625] success.
2016-09-06 11:36:53 [4626] : exit task/worker process[4626] success.
2016-09-06 11:36:53 [4628] : exit task/worker process[4628] success.
2016-09-06 11:36:53 [4627] : exit task/worker process[4627] success.
2016-09-06 11:36:53 [4623] : [none] Worker Process[4628] exit with status[0]
2016-09-06 11:36:53 [4623] : [none] Worker Process[4625] exit with status[0]
2016-09-06 11:36:53 [4623] : [none] Worker Process[4624] exit with status[0]
2016-09-06 11:36:53 [4623] : [none] Worker Process[4626] exit with status[0]
2016-09-06 11:36:53 [4623] : [none] Worker Process[4627] exit with status[0]
2016-09-06 11:36:53 [4623] : WORKER[TestServerDb.php] has been stopped.
2016-09-06 11:36:53 [4640] : WORKER[TestServerDb.php] stop success
2016-09-06 11:38:14 [4649] : WORKER[TestServerDb.php] start in debug mode
2016-09-06 11:38:58 [4654] : exit task/worker process[4654] success.
2016-09-06 11:38:58 [4649] : Worker Process[TestServerDb.php] Stopping ...
2016-09-06 11:38:58 [4652] : exit task/worker process[4652] success.
2016-09-06 11:38:58 [4653] : exit task/worker process[4653] success.
2016-09-06 11:38:58 [4650] : exit task/worker process[4650] success.
2016-09-06 11:38:58 [4651] : exit task/worker process[4651] success.
2016-09-06 11:38:58 [4649] : [none] Worker Process[4650] exit with status[0]
2016-09-06 11:38:58 [4649] : [none] Worker Process[4653] exit with status[0]
2016-09-06 11:38:58 [4649] : [none] Worker Process[4654] exit with status[0]
2016-09-06 11:38:58 [4649] : [none] Worker Process[4652] exit with status[0]
2016-09-06 11:38:58 [4649] : [none] Worker Process[4651] exit with status[0]
2016-09-06 11:38:58 [4649] : WORKER[TestServerDb.php] has been stopped.
2016-09-06 11:38:59 [4662] : WORKER[TestServerDb.php] start in debug mode
2016-09-06 11:39:04 [4667] : 对进程[4667] 的所有连接检查一次心跳.
2016-09-06 11:39:04 [4665] : 对进程[4665] 的所有连接检查一次心跳.
2016-09-06 11:39:04 [4663] : 对进程[4663] 的所有连接检查一次心跳.
2016-09-06 11:39:04 [4666] : 对进程[4666] 的所有连接检查一次心跳.
2016-09-06 11:39:04 [4664] : 对进程[4664] 的所有连接检查一次心跳.
2016-09-06 11:39:08 [4663] : exit task/worker process[4663] success.
2016-09-06 11:39:08 [4667] : exit task/worker process[4667] success.
2016-09-06 11:39:08 [4662] : Worker Process[TestServerDb.php] Stopping ...
2016-09-06 11:39:08 [4664] : exit task/worker process[4664] success.
2016-09-06 11:39:08 [4666] : exit task/worker process[4666] success.
2016-09-06 11:39:08 [4665] : exit task/worker process[4665] success.
2016-09-06 11:39:08 [4662] : [none] Worker Process[4667] exit with status[0]
2016-09-06 11:39:08 [4662] : [none] Worker Process[4664] exit with status[0]
2016-09-06 11:39:08 [4662] : [none] Worker Process[4665] exit with status[0]
2016-09-06 11:39:08 [4662] : [none] Worker Process[4666] exit with status[0]
2016-09-06 11:39:08 [4662] : [none] Worker Process[4663] exit with status[0]
2016-09-06 11:39:08 [4662] : WORKER[TestServerDb.php] has been stopped.
2016-09-06 11:39:11 [4669] : WORKER[TestServerDb.php] start in daemon mode
2016-09-06 11:39:16 [4673] : 对进程[4673] 的所有连接检查一次心跳.
2016-09-06 11:39:16 [4675] : 对进程[4675] 的所有连接检查一次心跳.
2016-09-06 11:39:16 [4672] : 对进程[4672] 的所有连接检查一次心跳.
2016-09-06 11:39:16 [4674] : 对进程[4674] 的所有连接检查一次心跳.
2016-09-06 11:39:16 [4676] : 对进程[4676] 的所有连接检查一次心跳.
2016-09-06 11:39:21 [4673] : 对进程[4673] 的所有连接检查一次心跳.
2016-09-06 11:39:21 [4675] : 对进程[4675] 的所有连接检查一次心跳.
2016-09-06 11:39:21 [4674] : 对进程[4674] 的所有连接检查一次心跳.
2016-09-06 11:39:21 [4672] : 对进程[4672] 的所有连接检查一次心跳.
2016-09-06 11:39:21 [4676] : 对进程[4676] 的所有连接检查一次心跳.
2016-09-06 11:39:26 [4673] : 对进程[4673] 的所有连接检查一次心跳.
2016-09-06 11:39:26 [4675] : 对进程[4675] 的所有连接检查一次心跳.
2016-09-06 11:39:26 [4674] : 对进程[4674] 的所有连接检查一次心跳.
2016-09-06 11:39:26 [4672] : 对进程[4672] 的所有连接检查一次心跳.
2016-09-06 11:39:26 [4676] : 对进程[4676] 的所有连接检查一次心跳.
2016-09-06 11:39:31 [4673] : 对进程[4673] 的所有连接检查一次心跳.
2016-09-06 11:39:31 [4675] : 对进程[4675] 的所有连接检查一次心跳.
2016-09-06 11:39:31 [4674] : 对进程[4674] 的所有连接检查一次心跳.
2016-09-06 11:39:31 [4672] : 对进程[4672] 的所有连接检查一次心跳.
2016-09-06 11:39:31 [4676] : 对进程[4676] 的所有连接检查一次心跳.
2016-09-06 11:39:36 [4673] : 对进程[4673] 的所有连接检查一次心跳.
2016-09-06 11:39:36 [4675] : 对进程[4675] 的所有连接检查一次心跳.
2016-09-06 11:39:36 [4674] : 对进程[4674] 的所有连接检查一次心跳.
2016-09-06 11:39:36 [4672] : 对进程[4672] 的所有连接检查一次心跳.
2016-09-06 11:39:36 [4676] : 对进程[4676] 的所有连接检查一次心跳.
2016-09-06 11:39:41 [4673] : 对进程[4673] 的所有连接检查一次心跳.
2016-09-06 11:39:41 [4675] : 对进程[4675] 的所有连接检查一次心跳.
2016-09-06 11:39:41 [4674] : 对进程[4674] 的所有连接检查一次心跳.
2016-09-06 11:39:41 [4672] : 对进程[4672] 的所有连接检查一次心跳.
2016-09-06 11:39:41 [4676] : 对进程[4676] 的所有连接检查一次心跳.
2016-09-06 11:39:46 [4673] : 对进程[4673] 的所有连接检查一次心跳.
2016-09-06 11:39:46 [4675] : 对进程[4675] 的所有连接检查一次心跳.
2016-09-06 11:39:46 [4674] : 对进程[4674] 的所有连接检查一次心跳.
2016-09-06 11:39:46 [4672] : 对进程[4672] 的所有连接检查一次心跳.
2016-09-06 11:39:46 [4676] : 对进程[4676] 的所有连接检查一次心跳.
2016-09-06 11:39:51 [4673] : 对进程[4673] 的所有连接检查一次心跳.
2016-09-06 11:39:51 [4675] : 对进程[4675] 的所有连接检查一次心跳.
2016-09-06 11:39:51 [4674] : 对进程[4674] 的所有连接检查一次心跳.
2016-09-06 11:39:51 [4676] : 对进程[4676] 的所有连接检查一次心跳.
2016-09-06 11:39:51 [4672] : 对进程[4672] 的所有连接检查一次心跳.
2016-09-06 11:39:56 [4673] : 对进程[4673] 的所有连接检查一次心跳.
2016-09-06 11:39:56 [4675] : 对进程[4675] 的所有连接检查一次心跳.
2016-09-06 11:39:56 [4674] : 对进程[4674] 的所有连接检查一次心跳.
2016-09-06 11:39:56 [4672] : 对进程[4672] 的所有连接检查一次心跳.
2016-09-06 11:39:56 [4676] : 对进程[4676] 的所有连接检查一次心跳.
2016-09-06 11:40:01 [4673] : 对进程[4673] 的所有连接检查一次心跳.
2016-09-06 11:40:01 [4675] : 对进程[4675] 的所有连接检查一次心跳.
2016-09-06 11:40:01 [4674] : 对进程[4674] 的所有连接检查一次心跳.
2016-09-06 11:40:01 [4672] : 对进程[4672] 的所有连接检查一次心跳.
2016-09-06 11:40:01 [4676] : 对进程[4676] 的所有连接检查一次心跳.
2016-09-06 11:40:06 [4673] : 对进程[4673] 的所有连接检查一次心跳.
2016-09-06 11:40:06 [4675] : 对进程[4675] 的所有连接检查一次心跳.
2016-09-06 11:40:06 [4674] : 对进程[4674] 的所有连接检查一次心跳.
2016-09-06 11:40:06 [4672] : 对进程[4672] 的所有连接检查一次心跳.
2016-09-06 11:40:06 [4676] : 对进程[4676] 的所有连接检查一次心跳.
2016-09-06 11:52:34 [4711] : WORKER[TestServerDb.php] stop 
2016-09-06 11:52:34 [4711] : WORKER[TestServerDb.php] is stoping ...
2016-09-06 11:52:34 [4671] : Worker Process[TestServerDb.php] Stopping ...
2016-09-06 11:52:34 [4672] : exit task/worker process[4672] success.
2016-09-06 11:52:34 [4673] : exit task/worker process[4673] success.
2016-09-06 11:52:34 [4676] : exit task/worker process[4676] success.
2016-09-06 11:52:34 [4675] : exit task/worker process[4675] success.
2016-09-06 11:52:34 [4674] : exit task/worker process[4674] success.
2016-09-06 11:52:34 [4671] : [none] Worker Process[4675] exit with status[0]
2016-09-06 11:52:34 [4671] : [none] Worker Process[4676] exit with status[0]
2016-09-06 11:52:34 [4671] : [none] Worker Process[4674] exit with status[0]
2016-09-06 11:52:34 [4671] : [none] Worker Process[4673] exit with status[0]
2016-09-06 11:52:34 [4671] : [none] Worker Process[4672] exit with status[0]
2016-09-06 11:52:34 [4671] : WORKER[TestServerDb.php] has been stopped.
2016-09-06 11:52:34 [4711] : WORKER[TestServerDb.php] stop success
